This is pdfTeX, Version 3.1415926-1.40.11 (MiKTeX 2.9) (preloaded format=pdflatex 2018.2.24)  11 MAR 2018 20:24
entering extended mode
**elisha.tex
(C:\Users\MASIGENIUS\Desktop\eLISHA\elisha.tex
LaTeX2e <2009/09/24>
Babel <v3.8l> and hyphenation patterns for english, afrikaans, ancientgreek, ar
abic, armenian, assamese, basque, bengali, bokmal, bulgarian, catalan, coptic, 
croatian, czech, danish, dutch, esperanto, estonian, farsi, finnish, french, ga
lician, german, german-x-2009-06-19, greek, gujarati, hindi, hungarian, iceland
ic, indonesian, interlingua, irish, italian, kannada, kurmanji, lao, latin, lat
vian, lithuanian, malayalam, marathi, mongolian, mongolianlmc, monogreek, ngerm
an, ngerman-x-2009-06-19, nynorsk, oriya, panjabi, pinyin, polish, portuguese, 
romanian, russian, sanskrit, serbian, slovak, slovenian, spanish, swedish, swis
sgerman, tamil, telugu, turkish, turkmen, ukenglish, ukrainian, uppersorbian, u
senglishmax, welsh, loaded.
("C:\Program Files (x86)\MiKTeX 2.9\tex\latex\base\article.cls"
Document Class: article 2007/10/19 v1.4h Standard LaTeX document class
("C:\Program Files (x86)\MiKTeX 2.9\tex\latex\base\size12.clo"
File: size12.clo 2007/10/19 v1.4h Standard LaTeX file (size option)
)
\c@part=\count79
\c@section=\count80
\c@subsection=\count81
\c@subsubsection=\count82
\c@paragraph=\count83
\c@subparagraph=\count84
\c@figure=\count85
\c@table=\count86
\abovecaptionskip=\skip41
\belowcaptionskip=\skip42
\bibindent=\dimen102
)
(C:\Users\MASIGENIUS\Desktop\eLISHA\elisha.aux)
LaTeX Font Info:    Checking defaults for OML/cmm/m/it on input line 2.
LaTeX Font Info:    ... okay on input line 2.
LaTeX Font Info:    Checking defaults for T1/cmr/m/n on input line 2.
LaTeX Font Info:    ... okay on input line 2.
LaTeX Font Info:    Checking defaults for OT1/cmr/m/n on input line 2.
LaTeX Font Info:    ... okay on input line 2.
LaTeX Font Info:    Checking defaults for OMS/cmsy/m/n on input line 2.
LaTeX Font Info:    ... okay on input line 2.
LaTeX Font Info:    Checking defaults for OMX/cmex/m/n on input line 2.
LaTeX Font Info:    ... okay on input line 2.
LaTeX Font Info:    Checking defaults for U/cmr/m/n on input line 2.
LaTeX Font Info:    ... okay on input line 2.
 [1

{C:/Users/MASIGENIUS/AppData/Local/MiKTeX/2.9/pdftex/config/pdftex.map}]
Missing character: There is no â in font cmsl12!
Missing character: There is no € in font cmsl12!
Missing character: There is no ™ in font cmsl12!
Missing character: There is no â in font cmsl12!
Missing character: There is no € in font cmsl12!
Missing character: There is no ™ in font cmsl12!
Missing character: There is no â in font cmsl12!
Missing character: There is no € in font cmsl12!
Missing character: There is no ™ in font cmsl12!
Missing character: There is no â in font cmsl12!
Missing character: There is no € in font cmsl12!
Missing character: There is no ™ in font cmsl12!
Missing character: There is no â in font cmsl12!
Missing character: There is no € in font cmsl12!
Missing character: There is no œ in font cmsl12!
Missing character: There is no â in font cmsl12!
Missing character: There is no € in font cmsl12!
Missing character: There is no ” in font cmsl12!
Missing character: There is no â in font cmti12!
Missing character: There is no € in font cmti12!
Missing character: There is no ™ in font cmti12!
Missing character: There is no â in font cmti12!
Missing character: There is no € in font cmti12!
Missing character: There is no ™ in font cmti12!

Underfull \hbox (badness 10000) in paragraph at lines 35--37
[]\OT1/cmr/m/n/12 Timothy Prick-ett Mor-gan. \OT1/cmr/m/it/12 Why Googles Span-

 []


Underfull \hbox (badness 10000) in paragraph at lines 35--37
\OT1/cmr/m/it/12 ner Database Wont Do As Well As Its Clone\OT1/cmr/m/n/12 ,
 []


Underfull \hbox (badness 10000) in paragraph at lines 35--37
\OT1/cmr/m/n/12 Internet:https://www.nextplatform.com/2017/02/15/googles-spanne
r-
 []


Underfull \hbox (badness 10000) in paragraph at lines 37--39
[]\OT1/cmr/m/n/12 Hoff Todd . \OT1/cmr/m/it/12 Google Span-ner's Most Sur-pris-
ing Rev-
 []


Underfull \hbox (badness 10000) in paragraph at lines 37--39
\OT1/cmr/m/it/12 e-la-tion: NoSQL Is Out And NewSQL Is In
 []


Underfull \hbox (badness 10000) in paragraph at lines 37--39
\OT1/cmr/m/n/12 Internet:http://highscalability.com/blog/2012/9/24/google-spann
ers-
 []


Underfull \hbox (badness 1127) in paragraph at lines 37--39
\OT1/cmr/m/n/12 most-surprising-revelation-nosql-is-out-and.html,SEPT 24,2012 [
March
 []

[2]
Underfull \hbox (badness 5105) in paragraph at lines 39--41
\OT1/cmr/m/it/12 planet\OT1/cmr/m/n/12 , Internet:http://www.zdnet.com/article/
google-reveals-spanner-
 []

[3] (C:\Users\MASIGENIUS\Desktop\eLISHA\elisha.aux) ) 
Here is how much of TeX's memory you used:
 224 strings out of 494019
 2582 string characters out of 3143867
 52862 words of memory out of 3000000
 3592 multiletter control sequences out of 15000+200000
 6451 words of font info for 23 fonts, out of 3000000 for 9000
 714 hyphenation exceptions out of 8191
 22i,4n,19p,976b,203s stack positions out of 5000i,500n,10000p,200000b,50000s
<C:/Program Files (x86)/Mi
KTeX 2.9/fonts/type1/public/amsfonts/cm/cmbx12.pfb><C:/Program Files (x86)/MiKT
eX 2.9/fonts/type1/public/amsfonts/cm/cmcsc10.pfb><C:/Program Files (x86)/MiKTe
X 2.9/fonts/type1/public/amsfonts/cm/cmr12.pfb><C:/Program Files (x86)/MiKTeX 2
.9/fonts/type1/public/amsfonts/cm/cmsl12.pfb><C:/Program Files (x86)/MiKTeX 2.9
/fonts/type1/public/amsfonts/cm/cmti12.pfb>
Output written on elisha.pdf (3 pages, 85615 bytes).
PDF statistics:
 32 PDF objects out of 1000 (max. 8388607)
 0 named destinations out of 1000 (max. 500000)
 1 words of extra memory for PDF output out of 10000 (max. 10000000)

